<?xml version="1.0" encoding="UTF-8"?>
<!-- Generated by org.testng.reporters.JUnitReportReporter -->
<testsuite hostname="MacBook-Pro-4.local" failures="0" tests="1" name="tests.AccountTest" time="88.701" errors="0" timestamp="2024-11-25T22:03:52 IST" skipped="0">
  <testcase classname="tests.AccountTest" name="testCreateAccount" time="88.701"/>
  <system-out/>
</testsuite> <!-- tests.AccountTest -->
